2025/03/11 00:00:54.252;INFO;session_basket1b;computing signal for basket1b
2025/03/11 00:02:48.399;INFO;session_basket1b;computing signal for basket1b
2025/03/11 00:04:52.822;INFO;session_basket1b;computing signal for basket1b
2025/03/11 00:07:53.810;INFO;session_basket1b;computing signal for basket1b
2025/03/11 00:08:49.89;INFO;session_basket1b;computing signal for basket1b
2025/03/11 00:10:52.631;INFO;session_basket1b;computing signal for basket1b
2025/03/11 00:12:57.163;INFO;session_basket1b;computing signal for basket1b
2025/03/11 00:14:51.767;INFO;session_basket1b;computing signal for basket1b
2025/03/11 00:16:55.960;INFO;session_basket1b;computing signal for basket1b
2025/03/11 00:18:49.878;INFO;session_basket1b;computing signal for basket1b
2025/03/11 00:20:54.289;INFO;session_basket1b;computing signal for basket1b
2025/03/11 00:22:49.164;INFO;session_basket1b;computing signal for basket1b
2025/03/11 00:24:54.884;INFO;session_basket1b;computing signal for basket1b
2025/03/11 00:26:49.288;INFO;session_basket1b;computing signal for basket1b
2025/03/11 00:28:53.522;INFO;session_basket1b;computing signal for basket1b
2025/03/11 00:30:48.368;INFO;session_basket1b;computing signal for basket1b
2025/03/11 00:32:53.89;INFO;session_basket1b;computing signal for basket1b
2025/03/11 00:34:48.871;INFO;session_basket1b;computing signal for basket1b
2025/03/11 00:38:22.985;INFO;session_basket1b;computing signal for basket1b
2025/03/11 00:38:24.637;INFO;session_basket1b;signal for 0 short and 1 long exit
2025/03/11 00:38:24.637;INFO;session_basket1b;Finding 1 new long
2025/03/11 00:38:24.637;INFO;session_basket1b;building signal for EOS-USDT-SWAP__1INCH-USDT-SWAP
2025/03/11 00:38:24.637;INFO;session_basket1b;processing new signals @2025-03-11 00:30:00+00:00 with 1 orders
2025/03/11 00:38:24.638;INFO;session_basket1b;Order allowed
2025/03/11 00:38:24.638;INFO;session_basket1b;Received LS reshuffle for EOS-USDT-SWAP__1INCH-USDT-SWAP:signal
2025/03/11 00:38:27.438;INFO;session_basket1b;Execution of EOS-USDT-SWAP__1INCH-USDT-SWAP finalizing with status True
2025/03/11 00:38:27.438;INFO;session_basket1b;Validating exit for EOS-USDT-SWAP
2025/03/11 00:38:27.439;INFO;session_basket1b;Validating entry for 1INCH-USDT-SWAP
2025/03/11 00:38:37.296;INFO;session_basket1b;Received fill for EOS-USDT-SWAP, -1.0, 2386.215211494022, 1074.2740882146086, 0.5371370441073043
2025/03/11 00:38:37.442;INFO;session_basket1b;Received fill for 1INCH-USDT-SWAP, 1.0, 6329.957356076759, 1187.5, 0.59375
2025/03/11 00:38:50.208;INFO;session_basket1b;computing signal for basket1b
2025/03/11 00:40:55.322;INFO;session_basket1b;computing signal for basket1b
2025/03/11 00:42:50.569;INFO;session_basket1b;computing signal for basket1b
2025/03/11 00:44:55.675;INFO;session_basket1b;computing signal for basket1b
2025/03/11 00:46:50.652;INFO;session_basket1b;computing signal for basket1b
2025/03/11 00:48:54.288;INFO;session_basket1b;computing signal for basket1b
2025/03/11 00:48:54.636;INFO;session_basket1b;signal for 1 short and 0 long exit
2025/03/11 00:48:54.636;INFO;session_basket1b;Finding 1 new short
2025/03/11 00:48:54.636;INFO;session_basket1b;building signal for IMX-USDT-SWAP__APT-USDT-SWAP
2025/03/11 00:48:54.636;INFO;session_basket1b;processing new signals @2025-03-11 00:30:00+00:00 with 1 orders
2025/03/11 00:48:54.636;INFO;session_basket1b;Order allowed
2025/03/11 00:48:54.637;INFO;session_basket1b;Received LS reshuffle for IMX-USDT-SWAP__APT-USDT-SWAP:signal
2025/03/11 00:48:55.675;INFO;session_basket1b;Execution of IMX-USDT-SWAP__APT-USDT-SWAP finalizing with status True
2025/03/11 00:48:55.675;INFO;session_basket1b;Validating exit for IMX-USDT-SWAP
2025/03/11 00:48:55.675;INFO;session_basket1b;Validating entry for APT-USDT-SWAP
2025/03/11 00:49:05.372;INFO;session_basket1b;Received fill for IMX-USDT-SWAP, 1.0, 2287.172573189522, 1066.9660053929122, 0.5334830026964561
2025/03/11 00:49:05.544;INFO;session_basket1b;Received fill for APT-USDT-SWAP, -1.0, 228.6666088982602, 1187.5, 0.59375
2025/03/11 00:50:58.624;INFO;session_basket1b;computing signal for basket1b
2025/03/11 00:52:57.401;INFO;session_basket1b;computing signal for basket1b
2025/03/11 00:54:53.646;INFO;session_basket1b;computing signal for basket1b
2025/03/11 00:56:58.817;INFO;session_basket1b;computing signal for basket1b
2025/03/11 00:58:52.985;INFO;session_basket1b;computing signal for basket1b
2025/03/11 01:00:57.100;INFO;session_basket1b;computing signal for basket1b
2025/03/11 01:02:51.644;INFO;session_basket1b;computing signal for basket1b
2025/03/11 01:04:57.278;INFO;session_basket1b;computing signal for basket1b
2025/03/11 01:08:16.580;INFO;session_basket1b;computing signal for basket1b
2025/03/11 01:08:53.903;INFO;session_basket1b;computing signal for basket1b
2025/03/11 01:10:57.784;INFO;session_basket1b;computing signal for basket1b
2025/03/11 01:12:51.801;INFO;session_basket1b;computing signal for basket1b
2025/03/11 01:14:56.204;INFO;session_basket1b;computing signal for basket1b
2025/03/11 01:16:50.245;INFO;session_basket1b;computing signal for basket1b
2025/03/11 01:18:54.65;INFO;session_basket1b;computing signal for basket1b
2025/03/11 01:20:57.667;INFO;session_basket1b;computing signal for basket1b
2025/03/11 01:22:52.602;INFO;session_basket1b;computing signal for basket1b
2025/03/11 01:24:57.632;INFO;session_basket1b;computing signal for basket1b
2025/03/11 01:26:51.728;INFO;session_basket1b;computing signal for basket1b
2025/03/11 01:28:55.850;INFO;session_basket1b;computing signal for basket1b
2025/03/11 01:30:50.121;INFO;session_basket1b;computing signal for basket1b
2025/03/11 01:32:55.285;INFO;session_basket1b;computing signal for basket1b
2025/03/11 01:35:00.208;INFO;session_basket1b;computing signal for basket1b
2025/03/11 01:38:06.83;INFO;session_basket1b;computing signal for basket1b
2025/03/11 01:38:52.44;INFO;session_basket1b;computing signal for basket1b
2025/03/11 01:40:56.293;INFO;session_basket1b;computing signal for basket1b
2025/03/11 01:42:50.331;INFO;session_basket1b;computing signal for basket1b
2025/03/11 01:44:54.844;INFO;session_basket1b;computing signal for basket1b
2025/03/11 01:46:59.149;INFO;session_basket1b;computing signal for basket1b
2025/03/11 01:48:52.654;INFO;session_basket1b;computing signal for basket1b
2025/03/11 01:50:56.369;INFO;session_basket1b;computing signal for basket1b
2025/03/11 01:52:50.348;INFO;session_basket1b;computing signal for basket1b
2025/03/11 01:54:54.537;INFO;session_basket1b;computing signal for basket1b
2025/03/11 01:56:58.804;INFO;session_basket1b;computing signal for basket1b
2025/03/11 01:58:52.421;INFO;session_basket1b;computing signal for basket1b
2025/03/11 02:00:56.612;INFO;session_basket1b;computing signal for basket1b
2025/03/11 02:02:51.234;INFO;session_basket1b;computing signal for basket1b
2025/03/11 02:04:55.762;INFO;session_basket1b;computing signal for basket1b
2025/03/11 02:08:03.162;INFO;session_basket1b;computing signal for basket1b
2025/03/11 02:08:58.735;INFO;session_basket1b;computing signal for basket1b
2025/03/11 02:10:52.505;INFO;session_basket1b;computing signal for basket1b
2025/03/11 02:12:56.830;INFO;session_basket1b;computing signal for basket1b
2025/03/11 02:14:50.698;INFO;session_basket1b;computing signal for basket1b
2025/03/11 02:16:56.261;INFO;session_basket1b;computing signal for basket1b
2025/03/11 02:18:50.707;INFO;session_basket1b;computing signal for basket1b
2025/03/11 02:20:54.863;INFO;session_basket1b;computing signal for basket1b
2025/03/11 02:22:50.663;INFO;session_basket1b;computing signal for basket1b
2025/03/11 02:24:55.854;INFO;session_basket1b;computing signal for basket1b
2025/03/11 02:26:50.161;INFO;session_basket1b;computing signal for basket1b
2025/03/11 02:28:53.558;INFO;session_basket1b;computing signal for basket1b
2025/03/11 02:30:57.124;INFO;session_basket1b;computing signal for basket1b
2025/03/11 02:32:51.335;INFO;session_basket1b;computing signal for basket1b
2025/03/11 02:34:56.661;INFO;session_basket1b;computing signal for basket1b
2025/03/11 02:37:40.289;INFO;session_basket1b;computing signal for basket1b
2025/03/11 02:38:56.567;INFO;session_basket1b;computing signal for basket1b
2025/03/11 02:41:00.88;INFO;session_basket1b;computing signal for basket1b
2025/03/11 02:42:54.144;INFO;session_basket1b;computing signal for basket1b
2025/03/11 02:44:57.930;INFO;session_basket1b;computing signal for basket1b
2025/03/11 02:46:51.125;INFO;session_basket1b;computing signal for basket1b
2025/03/11 02:48:54.74;INFO;session_basket1b;computing signal for basket1b
2025/03/11 02:50:57.65;INFO;session_basket1b;computing signal for basket1b
2025/03/11 02:52:50.936;INFO;session_basket1b;computing signal for basket1b
2025/03/11 02:54:55.588;INFO;session_basket1b;computing signal for basket1b
2025/03/11 02:56:58.771;INFO;session_basket1b;computing signal for basket1b
2025/03/11 02:58:52.51;INFO;session_basket1b;computing signal for basket1b
2025/03/11 03:00:55.571;INFO;session_basket1b;computing signal for basket1b
2025/03/11 03:03:00.330;INFO;session_basket1b;computing signal for basket1b
2025/03/11 03:04:54.706;INFO;session_basket1b;computing signal for basket1b
2025/03/11 03:07:51.681;INFO;session_basket1b;computing signal for basket1b
2025/03/11 03:08:57.7;INFO;session_basket1b;computing signal for basket1b
2025/03/11 03:10:50.773;INFO;session_basket1b;computing signal for basket1b
2025/03/11 03:12:55.97;INFO;session_basket1b;computing signal for basket1b
2025/03/11 03:14:58.270;INFO;session_basket1b;computing signal for basket1b
2025/03/11 03:16:52.717;INFO;session_basket1b;computing signal for basket1b
2025/03/11 03:18:55.701;INFO;session_basket1b;computing signal for basket1b
2025/03/11 03:20:58.912;INFO;session_basket1b;computing signal for basket1b
2025/03/11 03:22:52.990;INFO;session_basket1b;computing signal for basket1b
2025/03/11 03:24:56.973;INFO;session_basket1b;computing signal for basket1b
2025/03/11 03:26:50.479;INFO;session_basket1b;computing signal for basket1b
2025/03/11 03:28:53.932;INFO;session_basket1b;computing signal for basket1b
2025/03/11 03:30:57.978;INFO;session_basket1b;computing signal for basket1b
2025/03/11 03:32:52.148;INFO;session_basket1b;computing signal for basket1b
2025/03/11 03:34:57.20;INFO;session_basket1b;computing signal for basket1b
2025/03/11 03:37:41.354;INFO;session_basket1b;computing signal for basket1b
2025/03/11 03:38:57.534;INFO;session_basket1b;computing signal for basket1b
2025/03/11 03:40:51.369;INFO;session_basket1b;computing signal for basket1b
2025/03/11 03:42:55.364;INFO;session_basket1b;computing signal for basket1b
2025/03/11 03:44:59.117;INFO;session_basket1b;computing signal for basket1b
2025/03/11 03:46:52.430;INFO;session_basket1b;computing signal for basket1b
2025/03/11 03:48:55.993;INFO;session_basket1b;computing signal for basket1b
2025/03/11 03:50:59.293;INFO;session_basket1b;computing signal for basket1b
2025/03/11 03:52:53.419;INFO;session_basket1b;computing signal for basket1b
2025/03/11 03:54:57.283;INFO;session_basket1b;computing signal for basket1b
2025/03/11 03:56:50.697;INFO;session_basket1b;computing signal for basket1b
2025/03/11 03:58:54.161;INFO;session_basket1b;computing signal for basket1b
2025/03/11 04:00:58.33;INFO;session_basket1b;computing signal for basket1b
2025/03/11 04:02:52.39;INFO;session_basket1b;computing signal for basket1b
2025/03/11 04:04:56.374;INFO;session_basket1b;computing signal for basket1b
2025/03/11 04:07:40.514;INFO;session_basket1b;computing signal for basket1b
2025/03/11 04:08:56.643;INFO;session_basket1b;computing signal for basket1b
2025/03/11 04:11:00.453;INFO;session_basket1b;computing signal for basket1b
2025/03/11 04:12:54.923;INFO;session_basket1b;computing signal for basket1b
2025/03/11 04:14:58.627;INFO;session_basket1b;computing signal for basket1b
2025/03/11 04:16:52.165;INFO;session_basket1b;computing signal for basket1b
2025/03/11 04:18:55.712;INFO;session_basket1b;computing signal for basket1b
2025/03/11 04:20:59.630;INFO;session_basket1b;computing signal for basket1b
2025/03/11 04:22:53.509;INFO;session_basket1b;computing signal for basket1b
2025/03/11 04:24:57.692;INFO;session_basket1b;computing signal for basket1b
2025/03/11 04:26:51.773;INFO;session_basket1b;computing signal for basket1b
2025/03/11 04:28:55.531;INFO;session_basket1b;computing signal for basket1b
2025/03/11 04:30:59.84;INFO;session_basket1b;computing signal for basket1b
2025/03/11 04:32:53.300;INFO;session_basket1b;computing signal for basket1b
2025/03/11 04:34:57.780;INFO;session_basket1b;computing signal for basket1b
2025/03/11 04:37:42.358;INFO;session_basket1b;computing signal for basket1b
2025/03/11 04:38:57.587;INFO;session_basket1b;computing signal for basket1b
2025/03/11 04:40:50.951;INFO;session_basket1b;computing signal for basket1b
2025/03/11 04:42:55.172;INFO;session_basket1b;computing signal for basket1b
2025/03/11 04:44:58.989;INFO;session_basket1b;computing signal for basket1b
2025/03/11 04:46:52.172;INFO;session_basket1b;computing signal for basket1b
2025/03/11 04:48:55.796;INFO;session_basket1b;computing signal for basket1b
2025/03/11 04:50:59.457;INFO;session_basket1b;computing signal for basket1b
2025/03/11 04:52:54.66;INFO;session_basket1b;computing signal for basket1b
2025/03/11 04:54:58.261;INFO;session_basket1b;computing signal for basket1b
2025/03/11 04:56:52.266;INFO;session_basket1b;computing signal for basket1b
2025/03/11 04:58:55.644;INFO;session_basket1b;computing signal for basket1b
2025/03/11 05:00:59.36;INFO;session_basket1b;computing signal for basket1b
2025/03/11 05:02:53.54;INFO;session_basket1b;computing signal for basket1b
2025/03/11 05:04:57.167;INFO;session_basket1b;computing signal for basket1b
2025/03/11 05:07:42.94;INFO;session_basket1b;computing signal for basket1b
2025/03/11 05:08:57.848;INFO;session_basket1b;computing signal for basket1b
2025/03/11 05:10:51.348;INFO;session_basket1b;computing signal for basket1b
2025/03/11 05:12:55.566;INFO;session_basket1b;computing signal for basket1b
2025/03/11 05:15:00.355;INFO;session_basket1b;computing signal for basket1b
2025/03/11 05:16:54.607;INFO;session_basket1b;computing signal for basket1b
2025/03/11 05:18:57.843;INFO;session_basket1b;computing signal for basket1b
2025/03/11 05:20:50.983;INFO;session_basket1b;computing signal for basket1b
2025/03/11 05:22:55.299;INFO;session_basket1b;computing signal for basket1b
2025/03/11 05:24:59.421;INFO;session_basket1b;computing signal for basket1b
2025/03/11 05:26:53.185;INFO;session_basket1b;computing signal for basket1b
2025/03/11 05:28:57.17;INFO;session_basket1b;computing signal for basket1b
2025/03/11 05:31:00.282;INFO;session_basket1b;computing signal for basket1b
2025/03/11 05:32:54.982;INFO;session_basket1b;computing signal for basket1b
2025/03/11 05:34:59.344;INFO;session_basket1b;computing signal for basket1b
2025/03/11 05:37:45.695;INFO;session_basket1b;computing signal for basket1b
2025/03/11 05:38:51.157;INFO;session_basket1b;computing signal for basket1b
2025/03/11 05:40:54.783;INFO;session_basket1b;computing signal for basket1b
2025/03/11 05:42:59.17;INFO;session_basket1b;computing signal for basket1b
2025/03/11 05:44:53.198;INFO;session_basket1b;computing signal for basket1b
2025/03/11 05:46:56.808;INFO;session_basket1b;computing signal for basket1b
2025/03/11 05:49:00.555;INFO;session_basket1b;computing signal for basket1b
2025/03/11 05:50:53.951;INFO;session_basket1b;computing signal for basket1b
2025/03/11 05:52:58.143;INFO;session_basket1b;computing signal for basket1b
2025/03/11 05:54:52.490;INFO;session_basket1b;computing signal for basket1b
2025/03/11 05:56:56.75;INFO;session_basket1b;computing signal for basket1b
2025/03/11 05:58:59.301;INFO;session_basket1b;computing signal for basket1b
2025/03/11 06:00:52.652;INFO;session_basket1b;computing signal for basket1b
2025/03/11 06:02:56.464;INFO;session_basket1b;computing signal for basket1b
2025/03/11 06:05:00.364;INFO;session_basket1b;computing signal for basket1b
2025/03/11 06:07:44.775;INFO;session_basket1b;computing signal for basket1b
2025/03/11 06:09:00.172;INFO;session_basket1b;computing signal for basket1b
2025/03/11 06:10:53.543;INFO;session_basket1b;computing signal for basket1b
2025/03/11 06:12:57.360;INFO;session_basket1b;computing signal for basket1b
2025/03/11 06:14:51.992;INFO;session_basket1b;computing signal for basket1b
2025/03/11 06:16:57.594;INFO;session_basket1b;computing signal for basket1b
2025/03/11 06:18:51.715;INFO;session_basket1b;computing signal for basket1b
2025/03/11 06:20:55.621;INFO;session_basket1b;computing signal for basket1b
2025/03/11 06:22:59.890;INFO;session_basket1b;computing signal for basket1b
2025/03/11 06:24:56.157;INFO;session_basket1b;computing signal for basket1b
2025/03/11 06:27:01.907;INFO;session_basket1b;computing signal for basket1b
2025/03/11 06:28:56.173;INFO;session_basket1b;computing signal for basket1b
2025/03/11 06:30:59.883;INFO;session_basket1b;computing signal for basket1b
2025/03/11 06:32:53.876;INFO;session_basket1b;computing signal for basket1b
2025/03/11 06:34:57.773;INFO;session_basket1b;computing signal for basket1b
2025/03/11 06:37:41.286;INFO;session_basket1b;computing signal for basket1b
2025/03/11 06:38:56.794;INFO;session_basket1b;computing signal for basket1b
2025/03/11 06:41:00.345;INFO;session_basket1b;computing signal for basket1b
2025/03/11 06:42:54.626;INFO;session_basket1b;computing signal for basket1b
2025/03/11 06:44:58.598;INFO;session_basket1b;computing signal for basket1b
2025/03/11 06:46:52.120;INFO;session_basket1b;computing signal for basket1b
2025/03/11 06:48:55.394;INFO;session_basket1b;computing signal for basket1b
2025/03/11 06:50:58.550;INFO;session_basket1b;computing signal for basket1b
2025/03/11 06:52:52.657;INFO;session_basket1b;computing signal for basket1b
2025/03/11 06:54:56.592;INFO;session_basket1b;computing signal for basket1b
2025/03/11 06:57:00.479;INFO;session_basket1b;computing signal for basket1b
2025/03/11 06:58:53.698;INFO;session_basket1b;computing signal for basket1b
2025/03/11 07:00:57.669;INFO;session_basket1b;computing signal for basket1b
2025/03/11 07:02:51.817;INFO;session_basket1b;computing signal for basket1b
2025/03/11 07:04:55.994;INFO;session_basket1b;computing signal for basket1b
2025/03/11 07:07:49.510;INFO;session_basket1b;computing signal for basket1b
2025/03/11 07:08:55.133;INFO;session_basket1b;computing signal for basket1b
2025/03/11 07:10:58.841;INFO;session_basket1b;computing signal for basket1b
2025/03/11 07:12:53.75;INFO;session_basket1b;computing signal for basket1b
2025/03/11 07:14:57.531;INFO;session_basket1b;computing signal for basket1b
2025/03/11 07:17:01.30;INFO;session_basket1b;computing signal for basket1b
2025/03/11 07:18:54.361;INFO;session_basket1b;computing signal for basket1b
2025/03/11 07:20:57.590;INFO;session_basket1b;computing signal for basket1b
2025/03/11 07:22:51.707;INFO;session_basket1b;computing signal for basket1b
2025/03/11 07:24:55.860;INFO;session_basket1b;computing signal for basket1b
2025/03/11 07:26:59.333;INFO;session_basket1b;computing signal for basket1b
2025/03/11 07:28:52.775;INFO;session_basket1b;computing signal for basket1b
2025/03/11 07:30:56.555;INFO;session_basket1b;computing signal for basket1b
2025/03/11 07:33:00.700;INFO;session_basket1b;computing signal for basket1b
2025/03/11 07:34:55.96;INFO;session_basket1b;computing signal for basket1b
2025/03/11 07:37:49.16;INFO;session_basket1b;computing signal for basket1b
2025/03/11 07:38:54.689;INFO;session_basket1b;computing signal for basket1b
2025/03/11 07:40:58.245;INFO;session_basket1b;computing signal for basket1b
2025/03/11 07:42:52.457;INFO;session_basket1b;computing signal for basket1b
2025/03/11 07:44:56.541;INFO;session_basket1b;computing signal for basket1b
2025/03/11 07:47:00.334;INFO;session_basket1b;computing signal for basket1b
2025/03/11 07:48:53.559;INFO;session_basket1b;computing signal for basket1b
2025/03/11 07:50:56.984;INFO;session_basket1b;computing signal for basket1b
2025/03/11 07:53:01.175;INFO;session_basket1b;computing signal for basket1b
2025/03/11 07:54:56.224;INFO;session_basket1b;computing signal for basket1b
2025/03/11 07:57:00.378;INFO;session_basket1b;computing signal for basket1b
2025/03/11 07:58:53.607;INFO;session_basket1b;computing signal for basket1b
2025/03/11 08:00:57.20;INFO;session_basket1b;computing signal for basket1b
2025/03/11 08:03:01.199;INFO;session_basket1b;computing signal for basket1b
2025/03/11 08:04:55.695;INFO;session_basket1b;computing signal for basket1b
2025/03/11 08:07:52.214;INFO;session_basket1b;computing signal for basket1b
2025/03/11 08:08:57.966;INFO;session_basket1b;computing signal for basket1b
2025/03/11 08:10:51.339;INFO;session_basket1b;computing signal for basket1b
2025/03/11 08:12:55.546;INFO;session_basket1b;computing signal for basket1b
2025/03/11 08:14:59.942;INFO;session_basket1b;computing signal for basket1b
2025/03/11 08:16:53.923;INFO;session_basket1b;computing signal for basket1b
2025/03/11 08:18:57.217;INFO;session_basket1b;computing signal for basket1b
2025/03/11 08:21:01.92;INFO;session_basket1b;computing signal for basket1b
2025/03/11 08:22:55.549;INFO;session_basket1b;computing signal for basket1b
2025/03/11 08:24:58.961;INFO;session_basket1b;computing signal for basket1b
2025/03/11 08:26:52.237;INFO;session_basket1b;computing signal for basket1b
2025/03/11 08:28:55.743;INFO;session_basket1b;computing signal for basket1b
2025/03/11 08:30:59.403;INFO;session_basket1b;computing signal for basket1b
2025/03/11 08:32:53.844;INFO;session_basket1b;computing signal for basket1b
2025/03/11 08:34:58.221;INFO;session_basket1b;computing signal for basket1b
2025/03/11 08:37:40.703;INFO;session_basket1b;computing signal for basket1b
2025/03/11 08:38:56.274;INFO;session_basket1b;computing signal for basket1b
2025/03/11 08:40:59.564;INFO;session_basket1b;computing signal for basket1b
2025/03/11 08:42:53.915;INFO;session_basket1b;computing signal for basket1b
2025/03/11 08:44:58.13;INFO;session_basket1b;computing signal for basket1b
2025/03/11 08:46:52.46;INFO;session_basket1b;computing signal for basket1b
2025/03/11 08:48:56.149;INFO;session_basket1b;computing signal for basket1b
2025/03/11 08:50:59.824;INFO;session_basket1b;computing signal for basket1b
2025/03/11 08:52:54.497;INFO;session_basket1b;computing signal for basket1b
2025/03/11 08:54:58.155;INFO;session_basket1b;computing signal for basket1b
2025/03/11 08:56:52.26;INFO;session_basket1b;computing signal for basket1b
2025/03/11 08:58:55.412;INFO;session_basket1b;computing signal for basket1b
2025/03/11 09:00:59.262;INFO;session_basket1b;computing signal for basket1b
2025/03/11 09:02:53.558;INFO;session_basket1b;computing signal for basket1b
2025/03/11 09:04:57.655;INFO;session_basket1b;computing signal for basket1b
2025/03/11 09:07:51.45;INFO;session_basket1b;computing signal for basket1b
2025/03/11 09:08:57.406;INFO;session_basket1b;computing signal for basket1b
2025/03/11 09:11:00.916;INFO;session_basket1b;computing signal for basket1b
2025/03/11 09:12:54.648;INFO;session_basket1b;computing signal for basket1b
2025/03/11 09:14:58.834;INFO;session_basket1b;computing signal for basket1b
2025/03/11 09:16:52.189;INFO;session_basket1b;computing signal for basket1b
2025/03/11 09:18:55.495;INFO;session_basket1b;computing signal for basket1b
2025/03/11 09:20:58.695;INFO;session_basket1b;computing signal for basket1b
